<?xml version="1.0" encoding="UTF-8"?>
<testng-results ignored="0" total="1" passed="1" failed="0" skipped="0">
  <reporter-output>
  </reporter-output>
  <suite started-at="2022-03-05T10:35:40 IST" name="Suite" finished-at="2022-03-05T10:35:48 IST" duration-ms="8419">
    <groups>
    </groups>
    <test started-at="2022-03-05T10:35:40 IST" name="Test" finished-at="2022-03-05T10:35:48 IST" duration-ms="8419">
      <class name="test.HotelAppLogin">
        <test-method signature="Login(java.lang.String,java.lang.String)[pri:0, instance:test.HotelAppLogin@1139b2f3]" started-at="2022-03-05T10:35:40 IST" name="Login" finished-at="2022-03-05T10:35:48 IST" duration-ms="8325" status="PASS">
          <params>
            <param index="0">
              <value>
                <![CDATA[Anu56789]]>
              </value>
            </param>
            <param index="1">
              <value>
                <![CDATA[Anus@345]]>
              </value>
            </param>
          </params>
          <reporter-output>
          </reporter-output>
        </test-method> <!-- Login -->
      </class> <!-- test.HotelAppLogin -->
    </test> <!-- Test -->
  </suite> <!-- Suite -->
</testng-results>
