<?xml version="1.0" encoding="UTF-8"?>
<testng-results ignored="0" total="2" passed="2" failed="0" skipped="0">
  <reporter-output>
  </reporter-output>
  <suite started-at="2022-03-17T06:29:47 IST" name="Default suite" finished-at="2022-03-17T06:30:21 IST" duration-ms="33886">
    <groups>
    </groups>
    <test started-at="2022-03-17T06:29:47 IST" name="Default test" finished-at="2022-03-17T06:30:21 IST" duration-ms="33886">
      <class name="test.NewTest">
        <test-method is-config="true" signature="beforeTest()[pri:0, instance:test.NewTest@4efc180e]" started-at="2022-03-17T06:29:47 IST" name="beforeTest" finished-at="2022-03-17T06:29:55 IST" duration-ms="7554" status="PASS">
          <reporter-output>
          </reporter-output>
        </test-method> <!-- beforeTest -->
        <test-method signature="testHotelApp()[pri:1, instance:test.NewTest@4efc180e]" started-at="2022-03-17T06:29:55 IST" name="testHotelApp" finished-at="2022-03-17T06:29:59 IST" duration-ms="3765" status="PASS">
          <reporter-output>
          </reporter-output>
        </test-method> <!-- testHotelApp -->
        <test-method is-config="true" signature="afterTest()[pri:0, instance:test.NewTest@4efc180e]" started-at="2022-03-17T06:29:59 IST" name="afterTest" finished-at="2022-03-17T06:29:59 IST" duration-ms="304" status="PASS">
          <reporter-output>
          </reporter-output>
        </test-method> <!-- afterTest -->
        <test-method is-config="true" signature="beforeTest()[pri:0, instance:test.NewTest@4efc180e]" started-at="2022-03-17T06:29:59 IST" name="beforeTest" finished-at="2022-03-17T06:30:08 IST" duration-ms="8690" status="PASS">
          <reporter-output>
          </reporter-output>
        </test-method> <!-- beforeTest -->
        <test-method signature="f()[pri:2, instance:test.NewTest@4efc180e]" started-at="2022-03-17T06:30:08 IST" name="f" finished-at="2022-03-17T06:30:21 IST" duration-ms="13140" status="PASS">
          <reporter-output>
          </reporter-output>
        </test-method> <!-- f -->
        <test-method is-config="true" signature="afterTest()[pri:0, instance:test.NewTest@4efc180e]" started-at="2022-03-17T06:30:21 IST" name="afterTest" finished-at="2022-03-17T06:30:21 IST" duration-ms="362" status="PASS">
          <reporter-output>
          </reporter-output>
        </test-method> <!-- afterTest -->
      </class> <!-- test.NewTest -->
    </test> <!-- Default test -->
  </suite> <!-- Default suite -->
</testng-results>
