<?xml version="1.0" encoding="UTF-8"?>
<testng-results ignored="0" total="2" passed="2" failed="0" skipped="0">
  <reporter-output>
  </reporter-output>
  <suite started-at="2022-03-02T15:11:36 IST" name="Default suite" finished-at="2022-03-02T15:12:05 IST" duration-ms="29452">
    <groups>
    </groups>
    <test started-at="2022-03-02T15:11:36 IST" name="Default test" finished-at="2022-03-02T15:12:05 IST" duration-ms="29452">
      <class name="test.NewTest">
        <test-method is-config="true" signature="beforeTest()[pri:0, instance:test.NewTest@3911c2a7]" started-at="2022-03-02T15:11:36 IST" name="beforeTest" finished-at="2022-03-02T15:11:45 IST" duration-ms="8783" status="PASS">
          <reporter-output>
          </reporter-output>
        </test-method> <!-- beforeTest -->
        <test-method signature="testHotelApp()[pri:1, instance:test.NewTest@3911c2a7]" started-at="2022-03-02T15:11:45 IST" name="testHotelApp" finished-at="2022-03-02T15:11:47 IST" duration-ms="2327" status="PASS">
          <reporter-output>
          </reporter-output>
        </test-method> <!-- testHotelApp -->
        <test-method is-config="true" signature="afterTest()[pri:0, instance:test.NewTest@3911c2a7]" started-at="2022-03-02T15:11:47 IST" name="afterTest" finished-at="2022-03-02T15:11:48 IST" duration-ms="433" status="PASS">
          <reporter-output>
          </reporter-output>
        </test-method> <!-- afterTest -->
        <test-method is-config="true" signature="beforeTest()[pri:0, instance:test.NewTest@3911c2a7]" started-at="2022-03-02T15:11:48 IST" name="beforeTest" finished-at="2022-03-02T15:11:55 IST" duration-ms="7221" status="PASS">
          <reporter-output>
          </reporter-output>
        </test-method> <!-- beforeTest -->
        <test-method signature="f()[pri:2, instance:test.NewTest@3911c2a7]" started-at="2022-03-02T15:11:55 IST" name="f" finished-at="2022-03-02T15:12:05 IST" duration-ms="10111" status="PASS">
          <reporter-output>
          </reporter-output>
        </test-method> <!-- f -->
        <test-method is-config="true" signature="afterTest()[pri:0, instance:test.NewTest@3911c2a7]" started-at="2022-03-02T15:12:05 IST" name="afterTest" finished-at="2022-03-02T15:12:05 IST" duration-ms="497" status="PASS">
          <reporter-output>
          </reporter-output>
        </test-method> <!-- afterTest -->
      </class> <!-- test.NewTest -->
    </test> <!-- Default test -->
  </suite> <!-- Default suite -->
</testng-results>
