<?xml version="1.0" encoding="UTF-8"?>
<testng-results ignored="0" total="2" passed="2" failed="0" skipped="0">
  <reporter-output>
  </reporter-output>
  <suite started-at="2022-03-14T07:46:31 IST" name="Default suite" finished-at="2022-03-14T07:46:38 IST" duration-ms="7417">
    <groups>
    </groups>
    <test started-at="2022-03-14T07:46:31 IST" name="Default test" finished-at="2022-03-14T07:46:38 IST" duration-ms="7417">
      <class name="test_TestNG.TestingOwnForm">
        <test-method is-config="true" signature="beforeTest()[pri:0, instance:test_TestNG.TestingOwnForm@485966cc]" started-at="2022-03-14T07:46:31 IST" name="beforeTest" finished-at="2022-03-14T07:46:37 IST" duration-ms="5620" status="PASS">
          <reporter-output>
          </reporter-output>
        </test-method> <!-- beforeTest -->
        <test-method signature="Test()[pri:0, instance:test_TestNG.TestingOwnForm@485966cc]" started-at="2022-03-14T07:46:37 IST" name="Test" finished-at="2022-03-14T07:46:38 IST" duration-ms="1547" status="PASS">
          <reporter-output>
          </reporter-output>
        </test-method> <!-- Test -->
        <test-method signature="f()[pri:0, instance:test_TestNG.TestingOwnForm@485966cc]" started-at="2022-03-14T07:46:38 IST" name="f" finished-at="2022-03-14T07:46:38 IST" duration-ms="1" status="PASS">
          <reporter-output>
          </reporter-output>
        </test-method> <!-- f -->
        <test-method is-config="true" signature="afterTest()[pri:0, instance:test_TestNG.TestingOwnForm@485966cc]" started-at="2022-03-14T07:46:38 IST" name="afterTest" finished-at="2022-03-14T07:46:38 IST" duration-ms="191" status="PASS">
          <reporter-output>
          </reporter-output>
        </test-method> <!-- afterTest -->
      </class> <!-- test_TestNG.TestingOwnForm -->
    </test> <!-- Default test -->
  </suite> <!-- Default suite -->
</testng-results>
